2025-08-19 02:16:49,523 [INFO] >>> ['c:\\Users\\User\\anaconda3\\envs\\torch-gpu\\python.exe', '-u', 'C:\\Users\\User\\Desktop\\pannuke project 簡化版\\pannuke_project\\preprocess\\shuffle_and_split_pannuke.py'] split
2025-08-19 02:17:13,499 [INFO] Loading pretrained weights from Hugging Face hub (timm/vit_small_patch8_224.dino)
2025-08-19 02:17:17,098 [INFO] [timm/vit_small_patch8_224.dino] Safe alternative available for 'pytorch_model.bin' (as 'model.safetensors'). Loading weights using safetensors.
2025-08-19 02:17:57,440 [INFO] >>> ['c:\\Users\\User\\anaconda3\\envs\\torch-gpu\\python.exe', '-u', 'segmentor/predict_segmentor.py', '--checkpoint', 'C:\\Users\\User\\Desktop\\pannuke project 簡化版\\pannuke_project\\checkpoints\\segmentor\\model_final.pth', '--data_root', 'C:\\Users\\User\\Desktop\\pannuke project 簡化版\\pannuke_project\\data\\train', '--input_dir', 'C:\\Users\\User\\Desktop\\pannuke project 簡化版\\pannuke_project\\data\\train', '--output_dir', 'C:\\Users\\User\\Desktop\\pannuke project 簡化版\\pannuke_project\\predictions\\single_masks', '--output_pred_npy', 'C:\\Users\\User\\Desktop\\pannuke project 簡化版\\pannuke_project\\predictions\\train_pred_types.npy', '--output_pred_seg_npy', 'C:\\Users\\User\\Desktop\\pannuke project 簡化版\\pannuke_project\\predictions\\train_pred_seg.npy', '--batch_size', '12'] train
2025-08-19 02:20:10,693 [INFO] >>> ['c:\\Users\\User\\anaconda3\\envs\\torch-gpu\\python.exe', '-u', 'segmentor/predict_segmentor.py', '--checkpoint', 'C:\\Users\\User\\Desktop\\pannuke project 簡化版\\pannuke_project\\checkpoints\\segmentor\\model_final.pth', '--data_root', 'C:\\Users\\User\\Desktop\\pannuke project 簡化版\\pannuke_project\\data\\test', '--input_dir', 'C:\\Users\\User\\Desktop\\pannuke project 簡化版\\pannuke_project\\data\\test', '--output_dir', 'C:\\Users\\User\\Desktop\\pannuke project 簡化版\\pannuke_project\\predictions\\single_masks', '--output_pred_npy', 'C:\\Users\\User\\Desktop\\pannuke project 簡化版\\pannuke_project\\predictions\\test_pred_types.npy', '--output_pred_seg_npy', 'C:\\Users\\User\\Desktop\\pannuke project 簡化版\\pannuke_project\\predictions\\test_pred_seg.npy', '--batch_size', '12'] test
2025-08-19 03:07:12,828 [INFO] >>> ['c:\\Users\\User\\anaconda3\\envs\\torch-gpu\\python.exe', '-u', 'C:\\Users\\User\\Desktop\\pannuke_project\\preprocess\\shuffle_and_split_pannuke.py'] split
2025-08-19 03:07:33,101 [INFO] Loading pretrained weights from Hugging Face hub (timm/vit_small_patch8_224.dino)
2025-08-19 03:07:33,429 [INFO] [timm/vit_small_patch8_224.dino] Safe alternative available for 'pytorch_model.bin' (as 'model.safetensors'). Loading weights using safetensors.
2025-08-19 03:11:52,638 [INFO] >>> ['c:\\Users\\User\\anaconda3\\envs\\torch-gpu\\python.exe', '-u', 'C:\\Users\\User\\Desktop\\pannuke_project\\preprocess\\shuffle_and_split_pannuke.py'] split
2025-08-19 03:12:00,387 [INFO] Loading pretrained weights from Hugging Face hub (timm/vit_small_patch8_224.dino)
2025-08-19 03:12:01,010 [INFO] [timm/vit_small_patch8_224.dino] Safe alternative available for 'pytorch_model.bin' (as 'model.safetensors'). Loading weights using safetensors.
2025-08-19 03:12:26,931 [INFO] >>> ['c:\\Users\\User\\anaconda3\\envs\\torch-gpu\\python.exe', '-u', 'C:\\Users\\User\\Desktop\\pannuke_project\\preprocess\\shuffle_and_split_pannuke.py'] split
2025-08-19 03:12:34,706 [INFO] Loading pretrained weights from Hugging Face hub (timm/vit_small_patch8_224.dino)
2025-08-19 03:12:34,974 [INFO] [timm/vit_small_patch8_224.dino] Safe alternative available for 'pytorch_model.bin' (as 'model.safetensors'). Loading weights using safetensors.
2025-08-19 03:15:33,389 [INFO] >>> ['c:\\Users\\User\\anaconda3\\envs\\torch-gpu\\python.exe', '-u', 'C:\\Users\\User\\Desktop\\pannuke_project\\preprocess\\shuffle_and_split_pannuke.py'] split
2025-08-19 03:15:41,105 [INFO] Loading pretrained weights from Hugging Face hub (timm/vit_small_patch8_224.dino)
2025-08-19 03:15:41,375 [INFO] [timm/vit_small_patch8_224.dino] Safe alternative available for 'pytorch_model.bin' (as 'model.safetensors'). Loading weights using safetensors.
2025-08-19 03:26:01,741 [INFO] >>> ['c:\\Users\\User\\anaconda3\\envs\\torch-gpu\\python.exe', '-u', 'C:\\Users\\User\\Desktop\\pannuke_project\\preprocess\\shuffle_and_split_pannuke.py'] split
2025-08-19 03:26:16,360 [INFO] Loading pretrained weights from Hugging Face hub (timm/vit_small_patch8_224.dino)
2025-08-19 03:26:16,649 [INFO] [timm/vit_small_patch8_224.dino] Safe alternative available for 'pytorch_model.bin' (as 'model.safetensors'). Loading weights using safetensors.
2025-08-19 03:27:08,257 [INFO] >>> ['c:\\Users\\User\\anaconda3\\envs\\torch-gpu\\python.exe', '-u', 'C:\\Users\\User\\Desktop\\pannuke_project\\preprocess\\shuffle_and_split_pannuke.py'] split
2025-08-19 03:27:15,923 [INFO] Loading pretrained weights from Hugging Face hub (timm/vit_small_patch8_224.dino)
2025-08-19 03:27:16,158 [INFO] [timm/vit_small_patch8_224.dino] Safe alternative available for 'pytorch_model.bin' (as 'model.safetensors'). Loading weights using safetensors.
2025-08-19 03:38:10,268 [INFO] >>> ['c:\\Users\\User\\anaconda3\\envs\\torch-gpu\\python.exe', '-u', 'C:\\Users\\User\\Desktop\\pannuke_project\\preprocess\\shuffle_and_split_pannuke.py'] split
2025-08-19 03:40:18,547 [INFO] Loading pretrained weights from Hugging Face hub (timm/vit_small_patch8_224.dino)
2025-08-19 03:40:18,837 [INFO] [timm/vit_small_patch8_224.dino] Safe alternative available for 'pytorch_model.bin' (as 'model.safetensors'). Loading weights using safetensors.
2025-08-19 03:54:49,808 [INFO] >>> ['c:\\Users\\User\\anaconda3\\envs\\torch-gpu\\python.exe', '-u', 'C:\\Users\\User\\Desktop\\pannuke_project\\preprocess\\shuffle_and_split_pannuke.py'] split
2025-08-19 03:55:41,462 [INFO] Loading pretrained weights from Hugging Face hub (timm/vit_small_patch8_224.dino)
2025-08-19 03:55:41,771 [INFO] [timm/vit_small_patch8_224.dino] Safe alternative available for 'pytorch_model.bin' (as 'model.safetensors'). Loading weights using safetensors.
